0 verbose cli C:\Program Files\nodejs\node.exe C:\Program Files\nodejs\node_modules\npm\bin\npm-cli.js
1 info using npm@11.9.0
2 info using node@v24.14.0
3 silly config load:file:C:\Program Files\nodejs\node_modules\npm\npmrc
4 silly config load:file:C:\Users\neptu\Documents\Projects\New project\frontend\.npmrc
5 silly config load:file:C:\Users\neptu\.npmrc
6 silly config load:file:C:\Users\neptu\AppData\Roaming\npm\etc\npmrc
7 verbose title npm ci
8 verbose argv "ci"
9 verbose logfile logs-max:10 dir:C:\Users\neptu\Documents\Projects\New project\.npm-cache\_logs\2026-03-27T07_43_39_141Z-
10 verbose logfile C:\Users\neptu\Documents\Projects\New project\.npm-cache\_logs\2026-03-27T07_43_39_141Z-debug-0.log
11 silly logfile done cleaning log files
12 silly packumentCache heap:4496293888 maxSize:1124073472 maxEntrySize:562036736
13 silly idealTree buildDeps
14 silly reify moves {}
15 silly audit bulk request {
15 silly audit   '@babel/code-frame': [ '7.29.0' ],
15 silly audit   '@babel/compat-data': [ '7.29.0' ],
15 silly audit   '@babel/core': [ '7.29.0' ],
15 silly audit   '@babel/generator': [ '7.29.1' ],
15 silly audit   '@babel/helper-compilation-targets': [ '7.28.6' ],
15 silly audit   '@babel/helper-globals': [ '7.28.0' ],
15 silly audit   '@babel/helper-module-imports': [ '7.28.6' ],
15 silly audit   '@babel/helper-module-transforms': [ '7.28.6' ],
15 silly audit   '@babel/helper-plugin-utils': [ '7.28.6' ],
15 silly audit   '@babel/helper-string-parser': [ '7.27.1' ],
15 silly audit   '@babel/helper-validator-identifier': [ '7.28.5' ],
15 silly audit   '@babel/helper-validator-option': [ '7.27.1' ],
15 silly audit   '@babel/helpers': [ '7.29.2' ],
15 silly audit   '@babel/parser': [ '7.29.2' ],
15 silly audit   '@babel/plugin-transform-react-jsx-self': [ '7.27.1' ],
15 silly audit   '@babel/plugin-transform-react-jsx-source': [ '7.27.1' ],
15 silly audit   '@babel/template': [ '7.28.6' ],
15 silly audit   '@babel/traverse': [ '7.29.0' ],
15 silly audit   '@babel/types': [ '7.29.0' ],
15 silly audit   '@esbuild/aix-ppc64': [ '0.27.4' ],
15 silly audit   '@esbuild/android-arm': [ '0.27.4' ],
15 silly audit   '@esbuild/android-arm64': [ '0.27.4' ],
15 silly audit   '@esbuild/android-x64': [ '0.27.4' ],
15 silly audit   '@esbuild/darwin-arm64': [ '0.27.4' ],
15 silly audit   '@esbuild/darwin-x64': [ '0.27.4' ],
15 silly audit   '@esbuild/freebsd-arm64': [ '0.27.4' ],
15 silly audit   '@esbuild/freebsd-x64': [ '0.27.4' ],
15 silly audit   '@esbuild/linux-arm': [ '0.27.4' ],
15 silly audit   '@esbuild/linux-arm64': [ '0.27.4' ],
15 silly audit   '@esbuild/linux-ia32': [ '0.27.4' ],
15 silly audit   '@esbuild/linux-loong64': [ '0.27.4' ],
15 silly audit   '@esbuild/linux-mips64el': [ '0.27.4' ],
15 silly audit   '@esbuild/linux-ppc64': [ '0.27.4' ],
15 silly audit   '@esbuild/linux-riscv64': [ '0.27.4' ],
15 silly audit   '@esbuild/linux-s390x': [ '0.27.4' ],
15 silly audit   '@esbuild/linux-x64': [ '0.27.4' ],
15 silly audit   '@esbuild/netbsd-arm64': [ '0.27.4' ],
15 silly audit   '@esbuild/netbsd-x64': [ '0.27.4' ],
15 silly audit   '@esbuild/openbsd-arm64': [ '0.27.4' ],
15 silly audit   '@esbuild/openbsd-x64': [ '0.27.4' ],
15 silly audit   '@esbuild/openharmony-arm64': [ '0.27.4' ],
15 silly audit   '@esbuild/sunos-x64': [ '0.27.4' ],
15 silly audit   '@esbuild/win32-arm64': [ '0.27.4' ],
15 silly audit   '@esbuild/win32-ia32': [ '0.27.4' ],
15 silly audit   '@esbuild/win32-x64': [ '0.27.4' ],
15 silly audit   '@jridgewell/gen-mapping': [ '0.3.13' ],
15 silly audit   '@jridgewell/remapping': [ '2.3.5' ],
15 silly audit   '@jridgewell/resolve-uri': [ '3.1.2' ],
15 silly audit   '@jridgewell/sourcemap-codec': [ '1.5.5' ],
15 silly audit   '@jridgewell/trace-mapping': [ '0.3.31' ],
15 silly audit   '@rolldown/pluginutils': [ '1.0.0-rc.3' ],
15 silly audit   '@rollup/rollup-android-arm-eabi': [ '4.60.0' ],
15 silly audit   '@rollup/rollup-android-arm64': [ '4.60.0' ],
15 silly audit   '@rollup/rollup-darwin-arm64': [ '4.60.0' ],
15 silly audit   '@rollup/rollup-darwin-x64': [ '4.60.0' ],
15 silly audit   '@rollup/rollup-freebsd-arm64': [ '4.60.0' ],
15 silly audit   '@rollup/rollup-freebsd-x64': [ '4.60.0' ],
15 silly audit   '@rollup/rollup-linux-arm-gnueabihf': [ '4.60.0' ],
15 silly audit   '@rollup/rollup-linux-arm-musleabihf': [ '4.60.0' ],
15 silly audit   '@rollup/rollup-linux-arm64-gnu': [ '4.60.0' ],
15 silly audit   '@rollup/rollup-linux-arm64-musl': [ '4.60.0' ],
15 silly audit   '@rollup/rollup-linux-loong64-gnu': [ '4.60.0' ],
15 silly audit   '@rollup/rollup-linux-loong64-musl': [ '4.60.0' ],
15 silly audit   '@rollup/rollup-linux-ppc64-gnu': [ '4.60.0' ],
15 silly audit   '@rollup/rollup-linux-ppc64-musl': [ '4.60.0' ],
15 silly audit   '@rollup/rollup-linux-riscv64-gnu': [ '4.60.0' ],
15 silly audit   '@rollup/rollup-linux-riscv64-musl': [ '4.60.0' ],
15 silly audit   '@rollup/rollup-linux-s390x-gnu': [ '4.60.0' ],
15 silly audit   '@rollup/rollup-linux-x64-gnu': [ '4.60.0' ],
15 silly audit   '@rollup/rollup-linux-x64-musl': [ '4.60.0' ],
15 silly audit   '@rollup/rollup-openbsd-x64': [ '4.60.0' ],
15 silly audit   '@rollup/rollup-openharmony-arm64': [ '4.60.0' ],
15 silly audit   '@rollup/rollup-win32-arm64-msvc': [ '4.60.0' ],
15 silly audit   '@rollup/rollup-win32-ia32-msvc': [ '4.60.0' ],
15 silly audit   '@rollup/rollup-win32-x64-gnu': [ '4.60.0' ],
15 silly audit   '@rollup/rollup-win32-x64-msvc': [ '4.60.0' ],
15 silly audit   '@types/babel__core': [ '7.20.5' ],
15 silly audit   '@types/babel__generator': [ '7.27.0' ],
15 silly audit   '@types/babel__template': [ '7.4.4' ],
15 silly audit   '@types/babel__traverse': [ '7.28.0' ],
15 silly audit   '@types/estree': [ '1.0.8' ],
15 silly audit   '@types/node': [ '24.12.0' ],
15 silly audit   '@types/react': [ '19.2.14' ],
15 silly audit   '@types/react-dom': [ '19.2.3' ],
15 silly audit   '@vitejs/plugin-react': [ '5.2.0' ],
15 silly audit   'baseline-browser-mapping': [ '2.10.10' ],
15 silly audit   browserslist: [ '4.28.1' ],
15 silly audit   'caniuse-lite': [ '1.0.30001780' ],
15 silly audit   'convert-source-map': [ '2.0.0' ],
15 silly audit   csstype: [ '3.2.3' ],
15 silly audit   debug: [ '4.4.3' ],
15 silly audit   'electron-to-chromium': [ '1.5.321' ],
15 silly audit   esbuild: [ '0.27.4' ],
15 silly audit   escalade: [ '3.2.0' ],
15 silly audit   fdir: [ '6.5.0' ],
15 silly audit   fsevents: [ '2.3.3' ],
15 silly audit   gensync: [ '1.0.0-beta.2' ],
15 silly audit   'js-tokens': [ '4.0.0' ],
15 silly audit   jsesc: [ '3.1.0' ],
15 silly audit   json5: [ '2.2.3' ],
15 silly audit   'lru-cache': [ '5.1.1' ],
15 silly audit   ms: [ '2.1.3' ],
15 silly audit   nanoid: [ '3.3.11' ],
15 silly audit   'node-releases': [ '2.0.36' ],
15 silly audit   picocolors: [ '1.1.1' ],
15 silly audit   picomatch: [ '4.0.3' ],
15 silly audit   postcss: [ '8.5.8' ],
15 silly audit   react: [ '19.2.4' ],
15 silly audit   'react-dom': [ '19.2.4' ],
15 silly audit   'react-refresh': [ '0.18.0' ],
15 silly audit   rollup: [ '4.60.0' ],
15 silly audit   scheduler: [ '0.27.0' ],
15 silly audit   semver: [ '6.3.1' ],
15 silly audit   'source-map-js': [ '1.2.1' ],
15 silly audit   tinyglobby: [ '0.2.15' ],
15 silly audit   typescript: [ '5.9.3' ],
15 silly audit   'undici-types': [ '7.16.0' ],
15 silly audit   'update-browserslist-db': [ '1.2.3' ],
15 silly audit   vite: [ '7.3.1' ],
15 silly audit   yallist: [ '3.1.1' ],
15 silly audit   zustand: [ '5.0.12' ]
15 silly audit }
16 http cache zustand@https://registry.npmjs.org/zustand/-/zustand-5.0.12.tgz 1ms (cache hit)
17 http cache yallist@https://registry.npmjs.org/yallist/-/yallist-3.1.1.tgz 0ms (cache hit)
18 http cache vite@https://registry.npmjs.org/vite/-/vite-7.3.1.tgz 0ms (cache hit)
19 http cache update-browserslist-db@https://registry.npmjs.org/update-browserslist-db/-/update-browserslist-db-1.2.3.tgz 0ms (cache hit)
20 http cache undici-types@https://registry.npmjs.org/undici-types/-/undici-types-7.16.0.tgz 0ms (cache hit)
21 http cache typescript@https://registry.npmjs.org/typescript/-/typescript-5.9.3.tgz 0ms (cache hit)
22 http cache tinyglobby@https://registry.npmjs.org/tinyglobby/-/tinyglobby-0.2.15.tgz 0ms (cache hit)
23 http cache source-map-js@https://registry.npmjs.org/source-map-js/-/source-map-js-1.2.1.tgz 0ms (cache hit)
24 http cache semver@https://registry.npmjs.org/semver/-/semver-6.3.1.tgz 0ms (cache hit)
25 http cache react-refresh@https://registry.npmjs.org/react-refresh/-/react-refresh-0.18.0.tgz 0ms (cache hit)
26 http cache scheduler@https://registry.npmjs.org/scheduler/-/scheduler-0.27.0.tgz 0ms (cache hit)
27 http cache rollup@https://registry.npmjs.org/rollup/-/rollup-4.60.0.tgz 0ms (cache hit)
28 http cache react-dom@https://registry.npmjs.org/react-dom/-/react-dom-19.2.4.tgz 0ms (cache hit)
29 http cache react@https://registry.npmjs.org/react/-/react-19.2.4.tgz 0ms (cache hit)
30 http cache picomatch@https://registry.npmjs.org/picomatch/-/picomatch-4.0.3.tgz 0ms (cache hit)
31 http cache picocolors@https://registry.npmjs.org/picocolors/-/picocolors-1.1.1.tgz 0ms (cache hit)
32 http cache postcss@https://registry.npmjs.org/postcss/-/postcss-8.5.8.tgz 0ms (cache hit)
33 http cache node-releases@https://registry.npmjs.org/node-releases/-/node-releases-2.0.36.tgz 0ms (cache hit)
34 http cache ms@https://registry.npmjs.org/ms/-/ms-2.1.3.tgz 0ms (cache hit)
35 http cache nanoid@https://registry.npmjs.org/nanoid/-/nanoid-3.3.11.tgz 0ms (cache hit)
36 http cache lru-cache@https://registry.npmjs.org/lru-cache/-/lru-cache-5.1.1.tgz 0ms (cache hit)
37 http cache json5@https://registry.npmjs.org/json5/-/json5-2.2.3.tgz 0ms (cache hit)
38 http cache js-tokens@https://registry.npmjs.org/js-tokens/-/js-tokens-4.0.0.tgz 0ms (cache hit)
39 http cache jsesc@https://registry.npmjs.org/jsesc/-/jsesc-3.1.0.tgz 0ms (cache hit)
40 http cache gensync@https://registry.npmjs.org/gensync/-/gensync-1.0.0-beta.2.tgz 0ms (cache hit)
41 http cache fdir@https://registry.npmjs.org/fdir/-/fdir-6.5.0.tgz 0ms (cache hit)
42 http cache escalade@https://registry.npmjs.org/escalade/-/escalade-3.2.0.tgz 0ms (cache hit)
43 http cache esbuild@https://registry.npmjs.org/esbuild/-/esbuild-0.27.4.tgz 0ms (cache hit)
44 http cache electron-to-chromium@https://registry.npmjs.org/electron-to-chromium/-/electron-to-chromium-1.5.321.tgz 0ms (cache hit)
45 http cache debug@https://registry.npmjs.org/debug/-/debug-4.4.3.tgz 0ms (cache hit)
46 http cache csstype@https://registry.npmjs.org/csstype/-/csstype-3.2.3.tgz 0ms (cache hit)
47 http cache convert-source-map@https://registry.npmjs.org/convert-source-map/-/convert-source-map-2.0.0.tgz 0ms (cache hit)
48 http cache @vitejs/plugin-react@https://registry.npmjs.org/@vitejs/plugin-react/-/plugin-react-5.2.0.tgz 0ms (cache hit)
49 http cache browserslist@https://registry.npmjs.org/browserslist/-/browserslist-4.28.1.tgz 0ms (cache hit)
50 http cache caniuse-lite@https://registry.npmjs.org/caniuse-lite/-/caniuse-lite-1.0.30001780.tgz 0ms (cache hit)
51 http cache baseline-browser-mapping@https://registry.npmjs.org/baseline-browser-mapping/-/baseline-browser-mapping-2.10.10.tgz 0ms (cache hit)
52 http cache @types/react-dom@https://registry.npmjs.org/@types/react-dom/-/react-dom-19.2.3.tgz 0ms (cache hit)
53 http cache @types/react@https://registry.npmjs.org/@types/react/-/react-19.2.14.tgz 0ms (cache hit)
54 http cache @types/node@https://registry.npmjs.org/@types/node/-/node-24.12.0.tgz 0ms (cache hit)
55 http cache @types/estree@https://registry.npmjs.org/@types/estree/-/estree-1.0.8.tgz 0ms (cache hit)
56 http cache @types/babel__traverse@https://registry.npmjs.org/@types/babel__traverse/-/babel__traverse-7.28.0.tgz 0ms (cache hit)
57 http cache @types/babel__template@https://registry.npmjs.org/@types/babel__template/-/babel__template-7.4.4.tgz 0ms (cache hit)
58 http cache @types/babel__generator@https://registry.npmjs.org/@types/babel__generator/-/babel__generator-7.27.0.tgz 0ms (cache hit)
59 http cache @types/babel__core@https://registry.npmjs.org/@types/babel__core/-/babel__core-7.20.5.tgz 0ms (cache hit)
60 http cache @rolldown/pluginutils@https://registry.npmjs.org/@rolldown/pluginutils/-/pluginutils-1.0.0-rc.3.tgz 0ms (cache hit)
61 http cache @rollup/rollup-win32-x64-msvc@https://registry.npmjs.org/@rollup/rollup-win32-x64-msvc/-/rollup-win32-x64-msvc-4.60.0.tgz 0ms (cache hit)
62 http cache @rollup/rollup-win32-x64-gnu@https://registry.npmjs.org/@rollup/rollup-win32-x64-gnu/-/rollup-win32-x64-gnu-4.60.0.tgz 0ms (cache hit)
63 http cache @jridgewell/trace-mapping@https://registry.npmjs.org/@jridgewell/trace-mapping/-/trace-mapping-0.3.31.tgz 0ms (cache hit)
64 http cache @jridgewell/sourcemap-codec@https://registry.npmjs.org/@jridgewell/sourcemap-codec/-/sourcemap-codec-1.5.5.tgz 0ms (cache hit)
65 http cache @jridgewell/remapping@https://registry.npmjs.org/@jridgewell/remapping/-/remapping-2.3.5.tgz 0ms (cache hit)
66 http cache @jridgewell/resolve-uri@https://registry.npmjs.org/@jridgewell/resolve-uri/-/resolve-uri-3.1.2.tgz 0ms (cache hit)
67 http cache @jridgewell/gen-mapping@https://registry.npmjs.org/@jridgewell/gen-mapping/-/gen-mapping-0.3.13.tgz 0ms (cache hit)
68 http cache @esbuild/win32-x64@https://registry.npmjs.org/@esbuild/win32-x64/-/win32-x64-0.27.4.tgz 0ms (cache hit)
69 http cache @babel/traverse@https://registry.npmjs.org/@babel/traverse/-/traverse-7.29.0.tgz 0ms (cache hit)
70 http cache @babel/types@https://registry.npmjs.org/@babel/types/-/types-7.29.0.tgz 0ms (cache hit)
71 http cache @babel/template@https://registry.npmjs.org/@babel/template/-/template-7.28.6.tgz 0ms (cache hit)
72 http cache @babel/plugin-transform-react-jsx-source@https://registry.npmjs.org/@babel/plugin-transform-react-jsx-source/-/plugin-transform-react-jsx-source-7.27.1.tgz 0ms (cache hit)
73 http cache @babel/plugin-transform-react-jsx-self@https://registry.npmjs.org/@babel/plugin-transform-react-jsx-self/-/plugin-transform-react-jsx-self-7.27.1.tgz 0ms (cache hit)
74 http cache @babel/parser@https://registry.npmjs.org/@babel/parser/-/parser-7.29.2.tgz 0ms (cache hit)
75 http cache @babel/helpers@https://registry.npmjs.org/@babel/helpers/-/helpers-7.29.2.tgz 0ms (cache hit)
76 http cache @babel/helper-validator-option@https://registry.npmjs.org/@babel/helper-validator-option/-/helper-validator-option-7.27.1.tgz 0ms (cache hit)
77 http cache @babel/helper-validator-identifier@https://registry.npmjs.org/@babel/helper-validator-identifier/-/helper-validator-identifier-7.28.5.tgz 0ms (cache hit)
78 http cache @babel/helper-plugin-utils@https://registry.npmjs.org/@babel/helper-plugin-utils/-/helper-plugin-utils-7.28.6.tgz 0ms (cache hit)
79 http cache @babel/helper-string-parser@https://registry.npmjs.org/@babel/helper-string-parser/-/helper-string-parser-7.27.1.tgz 0ms (cache hit)
80 http cache @babel/helper-module-transforms@https://registry.npmjs.org/@babel/helper-module-transforms/-/helper-module-transforms-7.28.6.tgz 0ms (cache hit)
81 http cache @babel/helper-module-imports@https://registry.npmjs.org/@babel/helper-module-imports/-/helper-module-imports-7.28.6.tgz 0ms (cache hit)
82 http cache @babel/helper-globals@https://registry.npmjs.org/@babel/helper-globals/-/helper-globals-7.28.0.tgz 0ms (cache hit)
83 http cache @babel/helper-compilation-targets@https://registry.npmjs.org/@babel/helper-compilation-targets/-/helper-compilation-targets-7.28.6.tgz 0ms (cache hit)
84 http cache @babel/generator@https://registry.npmjs.org/@babel/generator/-/generator-7.29.1.tgz 0ms (cache hit)
85 silly tarball no local data for zustand@https://registry.npmjs.org/zustand/-/zustand-5.0.12.tgz. Extracting by manifest.
86 silly tarball no local data for yallist@https://registry.npmjs.org/yallist/-/yallist-3.1.1.tgz. Extracting by manifest.
87 silly tarball no local data for vite@https://registry.npmjs.org/vite/-/vite-7.3.1.tgz. Extracting by manifest.
88 silly tarball no local data for update-browserslist-db@https://registry.npmjs.org/update-browserslist-db/-/update-browserslist-db-1.2.3.tgz. Extracting by manifest.
89 silly tarball no local data for undici-types@https://registry.npmjs.org/undici-types/-/undici-types-7.16.0.tgz. Extracting by manifest.
90 silly tarball no local data for typescript@https://registry.npmjs.org/typescript/-/typescript-5.9.3.tgz. Extracting by manifest.
91 silly tarball no local data for tinyglobby@https://registry.npmjs.org/tinyglobby/-/tinyglobby-0.2.15.tgz. Extracting by manifest.
92 http cache @babel/core@https://registry.npmjs.org/@babel/core/-/core-7.29.0.tgz 0ms (cache hit)
93 http cache @babel/compat-data@https://registry.npmjs.org/@babel/compat-data/-/compat-data-7.29.0.tgz 0ms (cache hit)
94 silly tarball no local data for source-map-js@https://registry.npmjs.org/source-map-js/-/source-map-js-1.2.1.tgz. Extracting by manifest.
95 silly tarball no local data for semver@https://registry.npmjs.org/semver/-/semver-6.3.1.tgz. Extracting by manifest.
96 silly tarball no local data for react-refresh@https://registry.npmjs.org/react-refresh/-/react-refresh-0.18.0.tgz. Extracting by manifest.
97 silly tarball no local data for scheduler@https://registry.npmjs.org/scheduler/-/scheduler-0.27.0.tgz. Extracting by manifest.
98 http cache @babel/code-frame@https://registry.npmjs.org/@babel/code-frame/-/code-frame-7.29.0.tgz 0ms (cache hit)
99 silly tarball no local data for rollup@https://registry.npmjs.org/rollup/-/rollup-4.60.0.tgz. Extracting by manifest.
100 silly tarball no local data for react-dom@https://registry.npmjs.org/react-dom/-/react-dom-19.2.4.tgz. Extracting by manifest.
101 silly tarball no local data for react@https://registry.npmjs.org/react/-/react-19.2.4.tgz. Extracting by manifest.
102 silly tarball no local data for picomatch@https://registry.npmjs.org/picomatch/-/picomatch-4.0.3.tgz. Extracting by manifest.
103 silly tarball no local data for picocolors@https://registry.npmjs.org/picocolors/-/picocolors-1.1.1.tgz. Extracting by manifest.
104 silly tarball no local data for postcss@https://registry.npmjs.org/postcss/-/postcss-8.5.8.tgz. Extracting by manifest.
105 silly tarball no local data for node-releases@https://registry.npmjs.org/node-releases/-/node-releases-2.0.36.tgz. Extracting by manifest.
106 silly tarball no local data for ms@https://registry.npmjs.org/ms/-/ms-2.1.3.tgz. Extracting by manifest.
107 silly tarball no local data for nanoid@https://registry.npmjs.org/nanoid/-/nanoid-3.3.11.tgz. Extracting by manifest.
108 silly tarball no local data for lru-cache@https://registry.npmjs.org/lru-cache/-/lru-cache-5.1.1.tgz. Extracting by manifest.
109 silly tarball no local data for json5@https://registry.npmjs.org/json5/-/json5-2.2.3.tgz. Extracting by manifest.
110 silly tarball no local data for js-tokens@https://registry.npmjs.org/js-tokens/-/js-tokens-4.0.0.tgz. Extracting by manifest.
111 silly tarball no local data for jsesc@https://registry.npmjs.org/jsesc/-/jsesc-3.1.0.tgz. Extracting by manifest.
112 silly tarball no local data for gensync@https://registry.npmjs.org/gensync/-/gensync-1.0.0-beta.2.tgz. Extracting by manifest.
113 silly tarball no local data for fdir@https://registry.npmjs.org/fdir/-/fdir-6.5.0.tgz. Extracting by manifest.
114 silly tarball no local data for escalade@https://registry.npmjs.org/escalade/-/escalade-3.2.0.tgz. Extracting by manifest.
115 silly tarball no local data for esbuild@https://registry.npmjs.org/esbuild/-/esbuild-0.27.4.tgz. Extracting by manifest.
116 silly tarball no local data for electron-to-chromium@https://registry.npmjs.org/electron-to-chromium/-/electron-to-chromium-1.5.321.tgz. Extracting by manifest.
117 silly tarball no local data for debug@https://registry.npmjs.org/debug/-/debug-4.4.3.tgz. Extracting by manifest.
118 silly tarball no local data for csstype@https://registry.npmjs.org/csstype/-/csstype-3.2.3.tgz. Extracting by manifest.
119 silly tarball no local data for convert-source-map@https://registry.npmjs.org/convert-source-map/-/convert-source-map-2.0.0.tgz. Extracting by manifest.
120 silly tarball no local data for @vitejs/plugin-react@https://registry.npmjs.org/@vitejs/plugin-react/-/plugin-react-5.2.0.tgz. Extracting by manifest.
121 silly tarball no local data for browserslist@https://registry.npmjs.org/browserslist/-/browserslist-4.28.1.tgz. Extracting by manifest.
122 silly tarball no local data for caniuse-lite@https://registry.npmjs.org/caniuse-lite/-/caniuse-lite-1.0.30001780.tgz. Extracting by manifest.
123 silly tarball no local data for baseline-browser-mapping@https://registry.npmjs.org/baseline-browser-mapping/-/baseline-browser-mapping-2.10.10.tgz. Extracting by manifest.
124 silly tarball no local data for @types/react-dom@https://registry.npmjs.org/@types/react-dom/-/react-dom-19.2.3.tgz. Extracting by manifest.
125 silly tarball no local data for @types/react@https://registry.npmjs.org/@types/react/-/react-19.2.14.tgz. Extracting by manifest.
126 silly tarball no local data for @types/node@https://registry.npmjs.org/@types/node/-/node-24.12.0.tgz. Extracting by manifest.
127 silly tarball no local data for @types/estree@https://registry.npmjs.org/@types/estree/-/estree-1.0.8.tgz. Extracting by manifest.
128 silly tarball no local data for @types/babel__traverse@https://registry.npmjs.org/@types/babel__traverse/-/babel__traverse-7.28.0.tgz. Extracting by manifest.
129 silly tarball no local data for @types/babel__template@https://registry.npmjs.org/@types/babel__template/-/babel__template-7.4.4.tgz. Extracting by manifest.
130 silly tarball no local data for @types/babel__generator@https://registry.npmjs.org/@types/babel__generator/-/babel__generator-7.27.0.tgz. Extracting by manifest.
131 silly tarball no local data for @types/babel__core@https://registry.npmjs.org/@types/babel__core/-/babel__core-7.20.5.tgz. Extracting by manifest.
132 silly tarball no local data for @rolldown/pluginutils@https://registry.npmjs.org/@rolldown/pluginutils/-/pluginutils-1.0.0-rc.3.tgz. Extracting by manifest.
133 silly tarball no local data for @rollup/rollup-win32-x64-msvc@https://registry.npmjs.org/@rollup/rollup-win32-x64-msvc/-/rollup-win32-x64-msvc-4.60.0.tgz. Extracting by manifest.
134 silly tarball no local data for @rollup/rollup-win32-x64-gnu@https://registry.npmjs.org/@rollup/rollup-win32-x64-gnu/-/rollup-win32-x64-gnu-4.60.0.tgz. Extracting by manifest.
135 silly tarball no local data for @jridgewell/trace-mapping@https://registry.npmjs.org/@jridgewell/trace-mapping/-/trace-mapping-0.3.31.tgz. Extracting by manifest.
136 silly tarball no local data for @jridgewell/sourcemap-codec@https://registry.npmjs.org/@jridgewell/sourcemap-codec/-/sourcemap-codec-1.5.5.tgz. Extracting by manifest.
137 silly tarball no local data for @jridgewell/remapping@https://registry.npmjs.org/@jridgewell/remapping/-/remapping-2.3.5.tgz. Extracting by manifest.
138 silly tarball no local data for @jridgewell/resolve-uri@https://registry.npmjs.org/@jridgewell/resolve-uri/-/resolve-uri-3.1.2.tgz. Extracting by manifest.
139 silly tarball no local data for @jridgewell/gen-mapping@https://registry.npmjs.org/@jridgewell/gen-mapping/-/gen-mapping-0.3.13.tgz. Extracting by manifest.
140 silly tarball no local data for @esbuild/win32-x64@https://registry.npmjs.org/@esbuild/win32-x64/-/win32-x64-0.27.4.tgz. Extracting by manifest.
141 silly tarball no local data for @babel/traverse@https://registry.npmjs.org/@babel/traverse/-/traverse-7.29.0.tgz. Extracting by manifest.
142 silly tarball no local data for @babel/types@https://registry.npmjs.org/@babel/types/-/types-7.29.0.tgz. Extracting by manifest.
143 silly tarball no local data for @babel/template@https://registry.npmjs.org/@babel/template/-/template-7.28.6.tgz. Extracting by manifest.
144 silly tarball no local data for @babel/plugin-transform-react-jsx-source@https://registry.npmjs.org/@babel/plugin-transform-react-jsx-source/-/plugin-transform-react-jsx-source-7.27.1.tgz. Extracting by manifest.
145 silly tarball no local data for @babel/plugin-transform-react-jsx-self@https://registry.npmjs.org/@babel/plugin-transform-react-jsx-self/-/plugin-transform-react-jsx-self-7.27.1.tgz. Extracting by manifest.
146 silly tarball no local data for @babel/parser@https://registry.npmjs.org/@babel/parser/-/parser-7.29.2.tgz. Extracting by manifest.
147 silly tarball no local data for @babel/helpers@https://registry.npmjs.org/@babel/helpers/-/helpers-7.29.2.tgz. Extracting by manifest.
148 silly tarball no local data for @babel/helper-validator-option@https://registry.npmjs.org/@babel/helper-validator-option/-/helper-validator-option-7.27.1.tgz. Extracting by manifest.
149 silly tarball no local data for @babel/helper-validator-identifier@https://registry.npmjs.org/@babel/helper-validator-identifier/-/helper-validator-identifier-7.28.5.tgz. Extracting by manifest.
150 silly tarball no local data for @babel/helper-plugin-utils@https://registry.npmjs.org/@babel/helper-plugin-utils/-/helper-plugin-utils-7.28.6.tgz. Extracting by manifest.
151 silly tarball no local data for @babel/helper-string-parser@https://registry.npmjs.org/@babel/helper-string-parser/-/helper-string-parser-7.27.1.tgz. Extracting by manifest.
152 silly tarball no local data for @babel/helper-module-transforms@https://registry.npmjs.org/@babel/helper-module-transforms/-/helper-module-transforms-7.28.6.tgz. Extracting by manifest.
153 silly tarball no local data for @babel/helper-module-imports@https://registry.npmjs.org/@babel/helper-module-imports/-/helper-module-imports-7.28.6.tgz. Extracting by manifest.
154 silly tarball no local data for @babel/helper-globals@https://registry.npmjs.org/@babel/helper-globals/-/helper-globals-7.28.0.tgz. Extracting by manifest.
155 silly tarball no local data for @babel/helper-compilation-targets@https://registry.npmjs.org/@babel/helper-compilation-targets/-/helper-compilation-targets-7.28.6.tgz. Extracting by manifest.
156 silly tarball no local data for @babel/generator@https://registry.npmjs.org/@babel/generator/-/generator-7.29.1.tgz. Extracting by manifest.
157 silly tarball no local data for @babel/core@https://registry.npmjs.org/@babel/core/-/core-7.29.0.tgz. Extracting by manifest.
158 silly tarball no local data for @babel/compat-data@https://registry.npmjs.org/@babel/compat-data/-/compat-data-7.29.0.tgz. Extracting by manifest.
159 silly tarball no local data for @babel/code-frame@https://registry.npmjs.org/@babel/code-frame/-/code-frame-7.29.0.tgz. Extracting by manifest.
160 http fetch POST 200 https://registry.npmjs.org/-/npm/v1/security/advisories/bulk 178ms
161 silly audit report {
161 silly audit report   picomatch: [
161 silly audit report     {
161 silly audit report       id: 1115396,
161 silly audit report       url: 'https://github.com/advisories/GHSA-3v7f-55p6-f55p',
161 silly audit report       title: 'Picomatch: Method Injection in POSIX Character Classes causes incorrect Glob Matching',
161 silly audit report       severity: 'moderate',
161 silly audit report       vulnerable_versions: '>=4.0.0 <4.0.4',
161 silly audit report       cwe: [Array],
161 silly audit report       cvss: [Object]
161 silly audit report     },
161 silly audit report     {
161 silly audit report       id: 1115384,
161 silly audit report       url: 'https://github.com/advisories/GHSA-c2c7-rcm5-vvqj',
161 silly audit report       title: 'Picomatch has a ReDoS vulnerability via extglob quantifiers',
161 silly audit report       severity: 'high',
161 silly audit report       vulnerable_versions: '>=4.0.0 <4.0.4',
161 silly audit report       cwe: [Array],
161 silly audit report       cvss: [Object]
161 silly audit report     }
161 silly audit report   ]
161 silly audit report }
162 silly packumentCache corgi:https://registry.npmjs.org/picomatch cache-miss
163 http fetch GET 200 https://registry.npmjs.org/npm 248ms
164 http fetch GET 200 https://registry.npmjs.org/yallist/-/yallist-3.1.1.tgz 222ms (cache miss)
165 http fetch GET 200 https://registry.npmjs.org/ms/-/ms-2.1.3.tgz 216ms (cache miss)
166 http fetch GET 200 https://registry.npmjs.org/picocolors/-/picocolors-1.1.1.tgz 219ms (cache miss)
167 http fetch GET 200 https://registry.npmjs.org/update-browserslist-db/-/update-browserslist-db-1.2.3.tgz 229ms (cache miss)
168 http fetch GET 200 https://registry.npmjs.org/tinyglobby/-/tinyglobby-0.2.15.tgz 231ms (cache miss)
169 http fetch GET 200 https://registry.npmjs.org/jsesc/-/jsesc-3.1.0.tgz 235ms (cache miss)
170 http fetch GET 200 https://registry.npmjs.org/node-releases/-/node-releases-2.0.36.tgz 240ms (cache miss)
171 http fetch GET 200 https://registry.npmjs.org/react-refresh/-/react-refresh-0.18.0.tgz 247ms (cache miss)
172 http fetch GET 200 https://registry.npmjs.org/semver/-/semver-6.3.1.tgz 252ms (cache miss)
173 http fetch GET 200 https://registry.npmjs.org/js-tokens/-/js-tokens-4.0.0.tgz 254ms (cache miss)
174 http fetch GET 200 https://registry.npmjs.org/gensync/-/gensync-1.0.0-beta.2.tgz 268ms (cache miss)
175 http fetch GET 200 https://registry.npmjs.org/fdir/-/fdir-6.5.0.tgz 270ms (cache miss)
176 http fetch GET 200 https://registry.npmjs.org/convert-source-map/-/convert-source-map-2.0.0.tgz 275ms (cache miss)
177 http fetch GET 200 https://registry.npmjs.org/escalade/-/escalade-3.2.0.tgz 284ms (cache miss)
178 http fetch GET 200 https://registry.npmjs.org/scheduler/-/scheduler-0.27.0.tgz 293ms (cache miss)
179 http fetch GET 200 https://registry.npmjs.org/picomatch/-/picomatch-4.0.3.tgz 296ms (cache miss)
180 http fetch GET 200 https://registry.npmjs.org/@vitejs/plugin-react/-/plugin-react-5.2.0.tgz 295ms (cache miss)
181 http fetch GET 200 https://registry.npmjs.org/esbuild/-/esbuild-0.27.4.tgz 304ms (cache miss)
182 http fetch GET 200 https://registry.npmjs.org/electron-to-chromium/-/electron-to-chromium-1.5.321.tgz 305ms (cache miss)
183 http fetch GET 200 https://registry.npmjs.org/@types/estree/-/estree-1.0.8.tgz 311ms (cache miss)
184 http fetch GET 200 https://registry.npmjs.org/browserslist/-/browserslist-4.28.1.tgz 319ms (cache miss)
185 http fetch GET 200 https://registry.npmjs.org/@types/babel__core/-/babel__core-7.20.5.tgz 321ms (cache miss)
186 http fetch GET 200 https://registry.npmjs.org/@types/babel__generator/-/babel__generator-7.27.0.tgz 323ms (cache miss)
187 http fetch GET 200 https://registry.npmjs.org/baseline-browser-mapping/-/baseline-browser-mapping-2.10.10.tgz 327ms (cache miss)
188 http fetch GET 200 https://registry.npmjs.org/@rolldown/pluginutils/-/pluginutils-1.0.0-rc.3.tgz 328ms (cache miss)
189 http fetch GET 200 https://registry.npmjs.org/@types/babel__template/-/babel__template-7.4.4.tgz 334ms (cache miss)
190 http fetch GET 200 https://registry.npmjs.org/@types/react-dom/-/react-dom-19.2.3.tgz 337ms (cache miss)
191 http fetch GET 200 https://registry.npmjs.org/source-map-js/-/source-map-js-1.2.1.tgz 349ms (cache miss)
192 http fetch GET 200 https://registry.npmjs.org/@types/babel__traverse/-/babel__traverse-7.28.0.tgz 343ms (cache miss)
193 http fetch GET 200 https://registry.npmjs.org/nanoid/-/nanoid-3.3.11.tgz 351ms (cache miss)
194 http fetch GET 200 https://registry.npmjs.org/json5/-/json5-2.2.3.tgz 378ms (cache miss)
195 http fetch GET 200 https://registry.npmjs.org/@types/react/-/react-19.2.14.tgz 377ms (cache miss)
196 http fetch GET 200 https://registry.npmjs.org/react/-/react-19.2.4.tgz 385ms (cache miss)
197 http fetch GET 200 https://registry.npmjs.org/undici-types/-/undici-types-7.16.0.tgz 416ms (cache miss)
198 http fetch GET 200 https://registry.npmjs.org/@babel/plugin-transform-react-jsx-source/-/plugin-transform-react-jsx-source-7.27.1.tgz 402ms (cache miss)
199 http fetch GET 200 https://registry.npmjs.org/lru-cache/-/lru-cache-5.1.1.tgz 426ms (cache miss)
200 http fetch GET 200 https://registry.npmjs.org/@babel/plugin-transform-react-jsx-self/-/plugin-transform-react-jsx-self-7.27.1.tgz 440ms (cache miss)
201 http fetch GET 200 https://registry.npmjs.org/@jridgewell/resolve-uri/-/resolve-uri-3.1.2.tgz 449ms (cache miss)
202 http fetch GET 200 https://registry.npmjs.org/@babel/helper-validator-option/-/helper-validator-option-7.27.1.tgz 445ms (cache miss)
203 http fetch GET 200 https://registry.npmjs.org/zustand/-/zustand-5.0.12.tgz 484ms (cache miss)
204 http fetch GET 200 https://registry.npmjs.org/@rollup/rollup-win32-x64-msvc/-/rollup-win32-x64-msvc-4.60.0.tgz 470ms (cache miss)
205 http fetch GET 200 https://registry.npmjs.org/debug/-/debug-4.4.3.tgz 483ms (cache miss)
206 http fetch GET 200 https://registry.npmjs.org/@jridgewell/remapping/-/remapping-2.3.5.tgz 478ms (cache miss)
207 http fetch GET 200 https://registry.npmjs.org/@babel/helper-plugin-utils/-/helper-plugin-utils-7.28.6.tgz 474ms (cache miss)
208 http fetch GET 200 https://registry.npmjs.org/@babel/helper-validator-identifier/-/helper-validator-identifier-7.28.5.tgz 477ms (cache miss)
209 http fetch GET 200 https://registry.npmjs.org/@babel/helper-string-parser/-/helper-string-parser-7.27.1.tgz 487ms (cache miss)
210 http fetch GET 200 https://registry.npmjs.org/postcss/-/postcss-8.5.8.tgz 520ms (cache miss)
211 http fetch GET 200 https://registry.npmjs.org/@babel/template/-/template-7.28.6.tgz 508ms (cache miss)
212 http fetch GET 200 https://registry.npmjs.org/csstype/-/csstype-3.2.3.tgz 528ms (cache miss)
213 http fetch GET 200 https://registry.npmjs.org/@rollup/rollup-win32-x64-gnu/-/rollup-win32-x64-gnu-4.60.0.tgz 524ms (cache miss)
214 http fetch GET 200 https://registry.npmjs.org/@babel/helper-module-imports/-/helper-module-imports-7.28.6.tgz 518ms (cache miss)
215 http fetch GET 200 https://registry.npmjs.org/@babel/helper-globals/-/helper-globals-7.28.0.tgz 529ms (cache miss)
216 http fetch GET 200 https://registry.npmjs.org/@babel/code-frame/-/code-frame-7.29.0.tgz 520ms (cache miss)
217 http fetch GET 200 https://registry.npmjs.org/picomatch 404ms (cache miss)
218 silly packumentCache corgi:https://registry.npmjs.org/picomatch set size:undefined disposed:false
219 http fetch GET 200 https://registry.npmjs.org/rollup/-/rollup-4.60.0.tgz 558ms (cache miss)
220 silly packumentCache corgi:https://registry.npmjs.org/fdir cache-miss
221 silly packumentCache corgi:https://registry.npmjs.org/tinyglobby cache-miss
222 silly packumentCache corgi:https://registry.npmjs.org/vite cache-miss
223 http fetch GET 200 https://registry.npmjs.org/@babel/helper-module-transforms/-/helper-module-transforms-7.28.6.tgz 552ms (cache miss)
224 http fetch GET 200 https://registry.npmjs.org/@jridgewell/trace-mapping/-/trace-mapping-0.3.31.tgz 566ms (cache miss)
225 http fetch GET 200 https://registry.npmjs.org/@babel/compat-data/-/compat-data-7.29.0.tgz 555ms (cache miss)
226 http fetch GET 200 https://registry.npmjs.org/@babel/parser/-/parser-7.29.2.tgz 576ms (cache miss)
227 http fetch GET 200 https://registry.npmjs.org/vite/-/vite-7.3.1.tgz 597ms (cache miss)
228 http fetch GET 200 https://registry.npmjs.org/tinyglobby 48ms (cache miss)
229 silly packumentCache corgi:https://registry.npmjs.org/tinyglobby set size:undefined disposed:false
230 http fetch GET 200 https://registry.npmjs.org/fdir 52ms (cache miss)
231 silly packumentCache corgi:https://registry.npmjs.org/fdir set size:undefined disposed:false
232 http fetch GET 200 https://registry.npmjs.org/@jridgewell/sourcemap-codec/-/sourcemap-codec-1.5.5.tgz 639ms (cache miss)
233 http fetch GET 200 https://registry.npmjs.org/@types/node/-/node-24.12.0.tgz 665ms (cache miss)
234 http fetch GET 200 https://registry.npmjs.org/@babel/generator/-/generator-7.29.1.tgz 670ms (cache miss)
235 http fetch GET 200 https://registry.npmjs.org/@babel/traverse/-/traverse-7.29.0.tgz 684ms (cache miss)
236 http fetch GET 200 https://registry.npmjs.org/@jridgewell/gen-mapping/-/gen-mapping-0.3.13.tgz 691ms (cache miss)
237 http fetch GET 200 https://registry.npmjs.org/react-dom/-/react-dom-19.2.4.tgz 707ms (cache miss)
238 http fetch GET 200 https://registry.npmjs.org/vite 145ms (cache miss)
239 silly packumentCache corgi:https://registry.npmjs.org/vite set size:undefined disposed:false
240 http fetch GET 200 https://registry.npmjs.org/@babel/helper-compilation-targets/-/helper-compilation-targets-7.28.6.tgz 735ms (cache miss)
241 http fetch GET 200 https://registry.npmjs.org/@esbuild/win32-x64/-/win32-x64-0.27.4.tgz 755ms (cache miss)
242 http fetch GET 200 https://registry.npmjs.org/@babel/core/-/core-7.29.0.tgz 826ms (cache miss)
243 http fetch GET 200 https://registry.npmjs.org/@babel/types/-/types-7.29.0.tgz 891ms (cache miss)
244 http fetch GET 200 https://registry.npmjs.org/@babel/helpers/-/helpers-7.29.2.tgz 940ms (cache miss)
245 http fetch GET 200 https://registry.npmjs.org/typescript/-/typescript-5.9.3.tgz 985ms (cache miss)
246 http fetch GET 200 https://registry.npmjs.org/caniuse-lite/-/caniuse-lite-1.0.30001780.tgz 1449ms (cache miss)
247 info run esbuild@0.27.4 postinstall node_modules/esbuild node install.js
248 info run esbuild@0.27.4 postinstall { code: 'EPERM', signal: undefined }
249 warn cleanup Failed to remove some directories [
249 warn cleanup   [
249 warn cleanup     '\\\\?\\C:\\Users\\neptu\\Documents\\Projects\\New project\\frontend\\node_modules\\@babel',
249 warn cleanup     [Error: EPERM: operation not permitted, rmdir 'C:\Users\neptu\Documents\Projects\New project\frontend\node_modules\@babel\core'] {
249 warn cleanup       errno: -4048,
249 warn cleanup       code: 'EPERM',
249 warn cleanup       syscall: 'rmdir',
249 warn cleanup       path: 'C:\\Users\\neptu\\Documents\\Projects\\New project\\frontend\\node_modules\\@babel\\core'
249 warn cleanup     }
249 warn cleanup   ]
249 warn cleanup ]
250 verbose stack Error: spawn EPERM
250 verbose stack     at ChildProcess.spawn (node:internal/child_process:421:11)
250 verbose stack     at spawn (node:child_process:796:9)
250 verbose stack     at promiseSpawn (C:\Program Files\nodejs\node_modules\npm\node_modules\@npmcli\promise-spawn\lib\index.js:39:16)
250 verbose stack     at spawnWithShell (C:\Program Files\nodejs\node_modules\npm\node_modules\@npmcli\promise-spawn\lib\index.js:124:10)
250 verbose stack     at promiseSpawn (C:\Program Files\nodejs\node_modules\npm\node_modules\@npmcli\promise-spawn\lib\index.js:12:12)
250 verbose stack     at runScriptPkg (C:\Program Files\nodejs\node_modules\npm\node_modules\@npmcli\run-script\lib\run-script-pkg.js:79:13)
250 verbose stack     at runScript (C:\Program Files\nodejs\node_modules\npm\node_modules\@npmcli\run-script\lib\run-script.js:9:12)
250 verbose stack     at C:\Program Files\nodejs\node_modules\npm\node_modules\@npmcli\arborist\lib\arborist\rebuild.js:327:17
250 verbose stack     at run (C:\Program Files\nodejs\node_modules\npm\node_modules\promise-call-limit\dist\commonjs\index.js:67:22)
250 verbose stack     at C:\Program Files\nodejs\node_modules\npm\node_modules\promise-call-limit\dist\commonjs\index.js:84:9
251 error code EPERM
252 error syscall spawn
253 error errno -4048
254 error Error: spawn EPERM
254 error     at ChildProcess.spawn (node:internal/child_process:421:11)
254 error     at spawn (node:child_process:796:9)
254 error     at promiseSpawn (C:\Program Files\nodejs\node_modules\npm\node_modules\@npmcli\promise-spawn\lib\index.js:39:16)
254 error     at spawnWithShell (C:\Program Files\nodejs\node_modules\npm\node_modules\@npmcli\promise-spawn\lib\index.js:124:10)
254 error     at promiseSpawn (C:\Program Files\nodejs\node_modules\npm\node_modules\@npmcli\promise-spawn\lib\index.js:12:12)
254 error     at runScriptPkg (C:\Program Files\nodejs\node_modules\npm\node_modules\@npmcli\run-script\lib\run-script-pkg.js:79:13)
254 error     at runScript (C:\Program Files\nodejs\node_modules\npm\node_modules\@npmcli\run-script\lib\run-script.js:9:12)
254 error     at C:\Program Files\nodejs\node_modules\npm\node_modules\@npmcli\arborist\lib\arborist\rebuild.js:327:17
254 error     at run (C:\Program Files\nodejs\node_modules\npm\node_modules\promise-call-limit\dist\commonjs\index.js:67:22)
254 error     at C:\Program Files\nodejs\node_modules\npm\node_modules\promise-call-limit\dist\commonjs\index.js:84:9 {
254 error   errno: -4048,
254 error   code: 'EPERM',
254 error   syscall: 'spawn'
254 error }
255 error
255 error The operation was rejected by your operating system.
255 error It's possible that the file was already in use (by a text editor or antivirus),
255 error or that you lack permissions to access it.
255 error
255 error If you believe this might be a permissions issue, please double-check the
255 error permissions of the file and its containing directories, or try running
255 error the command again as root/Administrator.
256 silly unfinished npm timer reify 1774597419460
257 silly unfinished npm timer reify:build 1774597420971
258 silly unfinished npm timer build 1774597420971
259 silly unfinished npm timer build:deps 1774597420971
260 silly unfinished npm timer build:run:postinstall 1774597420985
261 silly unfinished npm timer build:run:postinstall:node_modules/esbuild 1774597420985
262 verbose cwd C:\Users\neptu\Documents\Projects\New project\frontend
263 verbose os Windows_NT 10.0.26200
264 verbose node v24.14.0
265 verbose npm  v11.9.0
266 notice
266 notice New minor version of npm available! 11.9.0 -> 11.12.1
266 notice Changelog: https://github.com/npm/cli/releases/tag/v11.12.1
266 notice To update run: npm install -g npm@11.12.1
266 notice  { force: true, Symbol(proc-log.meta): true }
267 verbose exit -4048
268 verbose code -4048
269 error A complete log of this run can be found in: C:\Users\neptu\Documents\Projects\New project\.npm-cache\_logs\2026-03-27T07_43_39_141Z-debug-0.log
